{
  "RSpec": {
    "coverage": {
      "/home/marta/Documents/shop/online_shop/app/models/user.rb": [
        1,
        1,
        null,
        1,
        16,
        null,
        1,
        null,
        1,
        1,
        1,
        null
      ],
      "/home/marta/Documents/shop/online_shop/app/helpers/application_helper.rb": [
        1,
        null
      ],
      "/home/marta/Documents/shop/online_shop/app/helpers/categories_helper.rb": [
        1,
        null
      ],
      "/home/marta/Documents/shop/online_shop/app/helpers/order_products_helper.rb": [
        1,
        null
      ],
      "/home/marta/Documents/shop/online_shop/app/helpers/orders_helper.rb": [
        1,
        null
      ],
      "/home/marta/Documents/shop/online_shop/app/helpers/products_helper.rb": [
        1,
        null
      ],
      "/home/marta/Documents/shop/online_shop/app/helpers/static_pages_helper.rb": [
        1,
        null
      ],
      "/home/marta/Documents/shop/online_shop/app/controllers/categories_controller.rb": [
        1,
        1,
        1,
        null,
        1,
        3,
        3,
        null,
        null,
        null,
        1,
        3,
        0,
        null,
        3,
        null,
        null,
        null,
        1,
        1,
        0,
        null,
        1,
        null,
        null,
        null,
        1,
        4,
        null,
        4,
        4,
        4,
        4,
        2,
        null,
        4,
        2,
        null,
        null,
        null,
        0,
        null,
        null,
        null,
        1,
        3,
        3,
        3,
        3,
        4,
        2,
        null,
        2,
        1,
        null,
        null,
        null,
        0,
        null,
        null,
        null,
        1,
        1,
        null,
        1,
        1,
        2,
        1,
        null,
        null,
        0,
        null,
        null,
        null,
        1,
        null,
        1,
        7,
        null,
        null,
        null,
        1,
        7,
        null,
        null,
        null
      ],
      "/home/marta/Documents/shop/online_shop/app/controllers/application_controller.rb": [
        1,
        null,
        null,
        1,
        1,
        null,
        1,
        0,
        0,
        0,
        null,
        0,
        0,
        null,
        null,
        null
      ],
      "/home/marta/Documents/shop/online_shop/app/models/category.rb": [
        1,
        1,
        1,
        1,
        null,
        null
      ],
      "/home/marta/Documents/shop/online_shop/app/models/product.rb": [
        1,
        1,
        1,
        1,
        1,
        1,
        1,
        1,
        null,
        null,
        null,
        null,
        null,
        null
      ]
    },
    "timestamp": 1443622620
  }
}
